<?xml version="1.0" encoding="UTF-8"?>
<testng-results skipped="0" failed="0" ignored="0" total="3" passed="3">
  <reporter-output>
  </reporter-output>
  <suite name="Default suite" duration-ms="49" started-at="2021-01-10T07:48:05Z" finished-at="2021-01-10T07:48:05Z">
    <groups>
    </groups>
    <test name="Default test" duration-ms="49" started-at="2021-01-10T07:48:05Z" finished-at="2021-01-10T07:48:05Z">
      <class name="com.actitime.testscripts.DataProviderTest">
        <test-method status="PASS" signature="testAddToCart(java.lang.String, java.lang.String, java.lang.String)[pri:0, instance:com.actitime.testscripts.DataProviderTest@cb5822]" name="testAddToCart" duration-ms="0" started-at="2021-01-10T07:48:05Z" data-provider="getCartData" finished-at="2021-01-10T07:48:05Z">
          <params>
            <param index="0">
              <value>
                <![CDATA[mobile]]>
              </value>
            </param>
            <param index="1">
              <value>
                <![CDATA[i phone]]>
              </value>
            </param>
            <param index="2">
              <value>
                <![CDATA[3]]>
              </value>
            </param>
          </params>
          <reporter-output>
          </reporter-output>
        </test-method> <!-- testAddToCart -->
        <test-method status="PASS" signature="testAddToCart(java.lang.String, java.lang.String, java.lang.String)[pri:0, instance:com.actitime.testscripts.DataProviderTest@cb5822]" name="testAddToCart" duration-ms="0" started-at="2021-01-10T07:48:05Z" data-provider="getCartData" finished-at="2021-01-10T07:48:05Z">
          <params>
            <param index="0">
              <value>
                <![CDATA[TV]]>
              </value>
            </param>
            <param index="1">
              <value>
                <![CDATA[Mi 4x 55]]>
              </value>
            </param>
            <param index="2">
              <value>
                <![CDATA[10]]>
              </value>
            </param>
          </params>
          <reporter-output>
          </reporter-output>
        </test-method> <!-- testAddToCart -->
        <test-method status="PASS" signature="testAddToCart(java.lang.String, java.lang.String, java.lang.String)[pri:0, instance:com.actitime.testscripts.DataProviderTest@cb5822]" name="testAddToCart" duration-ms="0" started-at="2021-01-10T07:48:05Z" data-provider="getCartData" finished-at="2021-01-10T07:48:05Z">
          <params>
            <param index="0">
              <value>
                <![CDATA[TV]]>
              </value>
            </param>
            <param index="1">
              <value>
                <![CDATA[Samsung 55]]>
              </value>
            </param>
            <param index="2">
              <value>
                <![CDATA[10]]>
              </value>
            </param>
          </params>
          <reporter-output>
          </reporter-output>
        </test-method> <!-- testAddToCart -->
      </class> <!-- com.actitime.testscripts.DataProviderTest -->
    </test> <!-- Default test -->
  </suite> <!-- Default suite -->
</testng-results>
