<?xml version="1.0" encoding="UTF-8"?>
<!-- Generated by org.testng.reporters.JUnitXMLReporter -->
<testsuite hostname="DESKTOP-EM8SP10" ignored="0" name="Default test" tests="3" failures="0" timestamp="10 Jan 2021 07:48:05 GMT" time="0.049" errors="0">
  <testcase name="testAddToCart" time="0.0" classname="com.actitime.testscripts.DataProviderTest"/>
  <testcase name="testAddToCart" time="0.0" classname="com.actitime.testscripts.DataProviderTest"/>
  <testcase name="testAddToCart" time="0.0" classname="com.actitime.testscripts.DataProviderTest"/>
</testsuite> <!-- Default test -->
